<?xml version="1.0" encoding="utf-8"?>
<TestRun id="22e3c8b6-9d78-45c6-af6d-e9d765bbac81" name="@MacBook-Air-de-Matheus 2026-06-02 20:49:26" xmlns="http://microsoft.com/schemas/VisualStudio/TeamTest/2010">
  <Times creation="2026-06-02T20:49:26.2936270-03:00" queuing="2026-06-02T20:49:26.2936270-03:00" start="2026-06-02T20:49:25.9688590-03:00" finish="2026-06-02T20:49:27.5320880-03:00" />
  <TestSettings name="default" id="3ad78e6a-31b6-4dc8-9b17-440224a5ded7">
    <Deployment runDeploymentRoot="_MacBook-Air-de-Matheus_2026-06-02_20_49_26" />
  </TestSettings>
  <Results>
    <UnitTestResult executionId="670bbe35-e564-42cd-a211-75ea6e54f646" testId="b41b71fe-2be1-a29d-1fe8-9d89cf1a9edc" testName="SpaceStay.Tests.Unit.AlertRulesTests.BuildMessage_inclui_grandeza_valor_e_modulo" computerName="MacBook-Air-de-Matheus" duration="00:00:00.0045465" startTime="2026-06-02T20:49:26.2740310-03:00" endTime="2026-06-02T20:49:26.2740310-03:00" testType="13cdc9d9-ddb5-4fa4-a97d-d965ccfc6d4b" outcome="Passed" testListId="8c84fa94-04c1-424b-9868-57a2d4851a1d" relativeResultsDirectory="670bbe35-e564-42cd-a211-75ea6e54f646" />
    <UnitTestResult executionId="db951ea2-2632-4807-887b-d1803fce04ab" testId="d054708d-60fe-675d-4e90-c82d0f4b8fa8" testName="SpaceStay.Tests.E2E.ApiE2ETests.Guest_em_rota_de_equipe_retorna_403" computerName="MacBook-Air-de-Matheus" duration="00:00:00.0275181" startTime="2026-06-02T20:49:27.2733380-03:00" endTime="2026-06-02T20:49:27.2733380-03:00" testType="13cdc9d9-ddb5-4fa4-a97d-d965ccfc6d4b" outcome="Passed" testListId="8c84fa94-04c1-424b-9868-57a2d4851a1d" relativeResultsDirectory="db951ea2-2632-4807-887b-d1803fce04ab" />
    <UnitTestResult executionId="ba94f219-2264-4184-9559-1b505179d9a8" testId="24fb7301-78d4-2abc-ae1e-6063003d8381" testName="SpaceStay.Tests.Unit.AlertRulesTests.Evaluate_classifica_corretamente(type: o2, value: 20,899999999999999, min: 19,5, max: 23,5, esperado: &quot;safe&quot;)" computerName="MacBook-Air-de-Matheus" duration="00:00:00.0000007" startTime="2026-06-02T20:49:26.2622360-03:00" endTime="2026-06-02T20:49:26.2622360-03:00" testType="13cdc9d9-ddb5-4fa4-a97d-d965ccfc6d4b" outcome="Passed" testListId="8c84fa94-04c1-424b-9868-57a2d4851a1d" relativeResultsDirectory="ba94f219-2264-4184-9559-1b505179d9a8" />
    <UnitTestResult executionId="f399f63d-a32f-4fac-926a-60201499e347" testId="e4b53ad4-40b5-ebe6-f424-175e4f74f489" testName="SpaceStay.Tests.Unit.AuthServiceTests.Login_com_email_inexistente_lanca_AuthenticationException" computerName="MacBook-Air-de-Matheus" duration="00:00:00.0002910" startTime="2026-06-02T20:49:26.3454240-03:00" endTime="2026-06-02T20:49:26.3454240-03:00" testType="13cdc9d9-ddb5-4fa4-a97d-d965ccfc6d4b" outcome="Passed" testListId="8c84fa94-04c1-424b-9868-57a2d4851a1d" relativeResultsDirectory="f399f63d-a32f-4fac-926a-60201499e347" />
    <UnitTestResult executionId="32efb817-d72e-4847-ba77-1e5f440c9adc" testId="45b9ece5-c357-c81f-7b0e-6f929c80703f" testName="SpaceStay.Tests.Unit.BookingServiceTests.Create_em_modulo_disponivel_cria_reserva" computerName="MacBook-Air-de-Matheus" duration="00:00:00.0027290" startTime="2026-06-02T20:49:26.2741720-03:00" endTime="2026-06-02T20:49:26.2741720-03:00" testType="13cdc9d9-ddb5-4fa4-a97d-d965ccfc6d4b" outcome="Passed" testListId="8c84fa94-04c1-424b-9868-57a2d4851a1d" relativeResultsDirectory="32efb817-d72e-4847-ba77-1e5f440c9adc" />
    <UnitTestResult executionId="8f0e731b-8b3b-46c8-aa64-3841f85dcb56" testId="0a49df54-ba61-0c92-4903-3f5c162a54a1" testName="SpaceStay.Tests.Unit.AlertRulesTests.Evaluate_classifica_corretamente(type: temperature, value: 28,5, min: 18, max: 27, esperado: &quot;warning&quot;)" computerName="MacBook-Air-de-Matheus" duration="00:00:00.0000005" startTime="2026-06-02T20:49:26.2735140-03:00" endTime="2026-06-02T20:49:26.2735140-03:00" testType="13cdc9d9-ddb5-4fa4-a97d-d965ccfc6d4b" outcome="Passed" testListId="8c84fa94-04c1-424b-9868-57a2d4851a1d" relativeResultsDirectory="8f0e731b-8b3b-46c8-aa64-3841f85dcb56" />
    <UnitTestResult executionId="f4ad5d22-5e9e-4ed1-bb2a-06fa04bea8fe" testId="51ee24bb-465d-f14b-b76e-830f34d35ff9" testName="SpaceStay.Tests.Unit.AlertRulesTests.Evaluate_classifica_corretamente(type: o2, value: 19,5, min: 19,5, max: 23,5, esperado: &quot;safe&quot;)" computerName="MacBook-Air-de-Matheus" duration="00:00:00.0000004" startTime="2026-06-02T20:49:26.2734830-03:00" endTime="2026-06-02T20:49:26.2734830-03:00" testType="13cdc9d9-ddb5-4fa4-a97d-d965ccfc6d4b" outcome="Passed" testListId="8c84fa94-04c1-424b-9868-57a2d4851a1d" relativeResultsDirectory="f4ad5d22-5e9e-4ed1-bb2a-06fa04bea8fe" />
    <UnitTestResult executionId="7bd1ea5f-9017-46ae-a620-27839cef509c" testId="1253d8c6-a434-0a42-c4f0-7dbf8b5c495e" testName="SpaceStay.Tests.Unit.AlertRulesTests.Evaluate_classifica_corretamente(type: co2, value: 2000, min: 0, max: 1000, esperado: &quot;warning&quot;)" computerName="MacBook-Air-de-Matheus" duration="00:00:00.0000005" startTime="2026-06-02T20:49:26.2734620-03:00" endTime="2026-06-02T20:49:26.2734620-03:00" testType="13cdc9d9-ddb5-4fa4-a97d-d965ccfc6d4b" outcome="Passed" testListId="8c84fa94-04c1-424b-9868-57a2d4851a1d" relativeResultsDirectory="7bd1ea5f-9017-46ae-a620-27839cef509c" />
    <UnitTestResult executionId="f6f4615c-b5d4-475a-8908-a8bc188e0af8" testId="2b6a4550-cf90-0778-6935-21e196bdedea" testName="SpaceStay.Tests.Unit.ReadingServiceTests.Ingest_leitura_segura_nao_cria_alerta" computerName="MacBook-Air-de-Matheus" duration="00:00:00.0002562" startTime="2026-06-02T20:49:26.2742490-03:00" endTime="2026-06-02T20:49:26.2742490-03:00" testType="13cdc9d9-ddb5-4fa4-a97d-d965ccfc6d4b" outcome="Passed" testListId="8c84fa94-04c1-424b-9868-57a2d4851a1d" relativeResultsDirectory="f6f4615c-b5d4-475a-8908-a8bc188e0af8" />
    <UnitTestResult executionId="1f5c7cd4-b505-4b89-ad3a-f1bb6e621086" testId="105e5ded-3ed1-af1c-fa63-7e833398f9d6" testName="SpaceStay.Tests.E2E.ApiE2ETests.Modules_sem_token_retorna_401" computerName="MacBook-Air-de-Matheus" duration="00:00:00.0017668" startTime="2026-06-02T20:49:27.2457030-03:00" endTime="2026-06-02T20:49:27.2457030-03:00" testType="13cdc9d9-ddb5-4fa4-a97d-d965ccfc6d4b" outcome="Passed" testListId="8c84fa94-04c1-424b-9868-57a2d4851a1d" relativeResultsDirectory="1f5c7cd4-b505-4b89-ad3a-f1bb6e621086" />
    <UnitTestResult executionId="51000bc6-5863-4cc6-b4e8-a4ce6a57d987" testId="44ba8366-c2ec-8a4d-1492-707a4066b69b" testName="SpaceStay.Tests.Unit.AlertRulesTests.Evaluate_classifica_corretamente(type: co2, value: 1001, min: 0, max: 1000, esperado: &quot;warning&quot;)" computerName="MacBook-Air-de-Matheus" duration="00:00:00.0000017" startTime="2026-06-02T20:49:26.2622240-03:00" endTime="2026-06-02T20:49:26.2622240-03:00" testType="13cdc9d9-ddb5-4fa4-a97d-d965ccfc6d4b" outcome="Passed" testListId="8c84fa94-04c1-424b-9868-57a2d4851a1d" relativeResultsDirectory="51000bc6-5863-4cc6-b4e8-a4ce6a57d987" />
    <UnitTestResult executionId="98eb43b6-c1bf-4a8c-86bb-3531abe623c6" testId="d5762652-1624-3270-3376-cf44324f20ce" testName="SpaceStay.Tests.E2E.ApiE2ETests.Booking_em_modulo_disponivel_retorna_201" computerName="MacBook-Air-de-Matheus" duration="00:00:00.9193013" startTime="2026-06-02T20:49:27.2434910-03:00" endTime="2026-06-02T20:49:27.2434910-03:00" testType="13cdc9d9-ddb5-4fa4-a97d-d965ccfc6d4b" outcome="Passed" testListId="8c84fa94-04c1-424b-9868-57a2d4851a1d" relativeResultsDirectory="98eb43b6-c1bf-4a8c-86bb-3531abe623c6" />
    <UnitTestResult executionId="faddb63e-a370-4d01-865f-fa6c8591d540" testId="8c4ce8d5-2222-222d-a372-72c3654ec8e2" testName="SpaceStay.Tests.Unit.BookingServiceTests.Create_por_membro_da_equipe_e_proibido" computerName="MacBook-Air-de-Matheus" duration="00:00:00.0033687" startTime="2026-06-02T20:49:26.2614860-03:00" endTime="2026-06-02T20:49:26.2614860-03:00" testType="13cdc9d9-ddb5-4fa4-a97d-d965ccfc6d4b" outcome="Passed" testListId="8c84fa94-04c1-424b-9868-57a2d4851a1d" relativeResultsDirectory="faddb63e-a370-4d01-865f-fa6c8591d540" />
    <UnitTestResult executionId="96790232-11e7-4c06-8616-4dcd2771133a" testId="80ab8c06-3f83-8ac4-a7b0-0c02e09597c1" testName="SpaceStay.Tests.Unit.AlertRulesTests.Evaluate_classifica_corretamente(type: co2, value: 1000, min: 0, max: 1000, esperado: &quot;safe&quot;)" computerName="MacBook-Air-de-Matheus" duration="00:00:00.0001271" startTime="2026-06-02T20:49:26.2622080-03:00" endTime="2026-06-02T20:49:26.2622080-03:00" testType="13cdc9d9-ddb5-4fa4-a97d-d965ccfc6d4b" outcome="Passed" testListId="8c84fa94-04c1-424b-9868-57a2d4851a1d" relativeResultsDirectory="96790232-11e7-4c06-8616-4dcd2771133a" />
    <UnitTestResult executionId="d9d8cc56-f624-4e24-ab2d-b3f1ff83869c" testId="147982be-5bb6-feac-9e51-62dccc41967d" testName="SpaceStay.Tests.Unit.ReadingServiceTests.Ingest_leitura_critica_cria_alerta_critico" computerName="MacBook-Air-de-Matheus" duration="00:00:00.0090519" startTime="2026-06-02T20:49:26.2740510-03:00" endTime="2026-06-02T20:49:26.2740510-03:00" testType="13cdc9d9-ddb5-4fa4-a97d-d965ccfc6d4b" outcome="Passed" testListId="8c84fa94-04c1-424b-9868-57a2d4851a1d" relativeResultsDirectory="d9d8cc56-f624-4e24-ab2d-b3f1ff83869c" />
    <UnitTestResult executionId="1a6a39c0-efdf-46e7-a25a-c7de5854c9f6" testId="ed62e5ce-b1a2-e475-f3dc-2ab80aed89a0" testName="SpaceStay.Tests.E2E.ApiE2ETests.Login_com_senha_errada_retorna_401" computerName="MacBook-Air-de-Matheus" duration="00:00:00.0487005" startTime="2026-06-02T20:49:27.3221300-03:00" endTime="2026-06-02T20:49:27.3221300-03:00" testType="13cdc9d9-ddb5-4fa4-a97d-d965ccfc6d4b" outcome="Passed" testListId="8c84fa94-04c1-424b-9868-57a2d4851a1d" relativeResultsDirectory="1a6a39c0-efdf-46e7-a25a-c7de5854c9f6" />
    <UnitTestResult executionId="fe7a93aa-20a8-41bd-9a85-66ef593093ec" testId="26cb80ee-2d66-29e6-25d4-31ce0ad8ea1e" testName="SpaceStay.Tests.Unit.AlertRulesTests.Evaluate_classifica_corretamente(type: co2, value: 2001, min: 0, max: 1000, esperado: &quot;critical&quot;)" computerName="MacBook-Air-de-Matheus" duration="00:00:00.0000005" startTime="2026-06-02T20:49:26.2734730-03:00" endTime="2026-06-02T20:49:26.2734730-03:00" testType="13cdc9d9-ddb5-4fa4-a97d-d965ccfc6d4b" outcome="Passed" testListId="8c84fa94-04c1-424b-9868-57a2d4851a1d" relativeResultsDirectory="fe7a93aa-20a8-41bd-9a85-66ef593093ec" />
    <UnitTestResult executionId="e57ef0ed-cca0-4dc1-a34e-b52d363be049" testId="9097293e-0858-c50b-51e6-32d0f1241b99" testName="SpaceStay.Tests.Unit.AuthServiceTests.Login_correto_de_guest_retorna_token" computerName="MacBook-Air-de-Matheus" duration="00:00:00.0284069" startTime="2026-06-02T20:49:26.3451080-03:00" endTime="2026-06-02T20:49:26.3451080-03:00" testType="13cdc9d9-ddb5-4fa4-a97d-d965ccfc6d4b" outcome="Passed" testListId="8c84fa94-04c1-424b-9868-57a2d4851a1d" relativeResultsDirectory="e57ef0ed-cca0-4dc1-a34e-b52d363be049" />
    <UnitTestResult executionId="38c088cf-d2db-4531-bcd1-20293980dbd5" testId="6973778e-1e92-e989-c27a-06d2824fe69d" testName="SpaceStay.Tests.Unit.AuthServiceTests.Login_com_senha_errada_lanca_AuthenticationException" computerName="MacBook-Air-de-Matheus" duration="00:00:00.0289322" startTime="2026-06-02T20:49:26.3166630-03:00" endTime="2026-06-02T20:49:26.3166630-03:00" testType="13cdc9d9-ddb5-4fa4-a97d-d965ccfc6d4b" outcome="Passed" testListId="8c84fa94-04c1-424b-9868-57a2d4851a1d" relativeResultsDirectory="38c088cf-d2db-4531-bcd1-20293980dbd5" />
    <UnitTestResult executionId="99ed369c-6850-4900-b691-ebc759e8861c" testId="c7f6b268-ed9f-f05d-42c3-18a10ec0596c" testName="SpaceStay.Tests.Unit.AlertRulesTests.Evaluate_classifica_corretamente(type: water, value: 18, min: 20, max: 100, esperado: &quot;warning&quot;)" computerName="MacBook-Air-de-Matheus" duration="00:00:00.0000005" startTime="2026-06-02T20:49:26.2735040-03:00" endTime="2026-06-02T20:49:26.2735040-03:00" testType="13cdc9d9-ddb5-4fa4-a97d-d965ccfc6d4b" outcome="Passed" testListId="8c84fa94-04c1-424b-9868-57a2d4851a1d" relativeResultsDirectory="99ed369c-6850-4900-b691-ebc759e8861c" />
    <UnitTestResult executionId="332b8ea3-2684-4e3f-8b5c-f6bbc2ec6e63" testId="95b0acac-c5b1-c4b4-6943-42257cabca66" testName="SpaceStay.Tests.E2E.ApiE2ETests.Reading_dentro_da_faixa_nao_cria_alerta" computerName="MacBook-Air-de-Matheus" duration="00:00:00.0337993" startTime="2026-06-02T20:49:27.5018430-03:00" endTime="2026-06-02T20:49:27.5018430-03:00" testType="13cdc9d9-ddb5-4fa4-a97d-d965ccfc6d4b" outcome="Passed" testListId="8c84fa94-04c1-424b-9868-57a2d4851a1d" relativeResultsDirectory="332b8ea3-2684-4e3f-8b5c-f6bbc2ec6e63" />
    <UnitTestResult executionId="08eafe87-d6f3-4f84-8fdc-f41816e1f481" testId="30f6583a-a6c0-b09d-7d7e-ace5fbb86c71" testName="SpaceStay.Tests.Unit.BookingServiceTests.GetById_de_outro_hospede_e_proibido" computerName="MacBook-Air-de-Matheus" duration="00:00:00.0011946" startTime="2026-06-02T20:49:26.2740180-03:00" endTime="2026-06-02T20:49:26.2740180-03:00" testType="13cdc9d9-ddb5-4fa4-a97d-d965ccfc6d4b" outcome="Passed" testListId="8c84fa94-04c1-424b-9868-57a2d4851a1d" relativeResultsDirectory="08eafe87-d6f3-4f84-8fdc-f41816e1f481" />
    <UnitTestResult executionId="4fd4f4d6-b80b-4e3d-b898-3b372b5398d1" testId="c058ec53-0cde-0334-0bc4-1ce5bbb1daaa" testName="SpaceStay.Tests.Unit.BookingServiceTests.Create_em_modulo_inexistente_lanca_notfound" computerName="MacBook-Air-de-Matheus" duration="00:00:00.0003846" startTime="2026-06-02T20:49:26.2739900-03:00" endTime="2026-06-02T20:49:26.2739900-03:00" testType="13cdc9d9-ddb5-4fa4-a97d-d965ccfc6d4b" outcome="Passed" testListId="8c84fa94-04c1-424b-9868-57a2d4851a1d" relativeResultsDirectory="4fd4f4d6-b80b-4e3d-b898-3b372b5398d1" />
    <UnitTestResult executionId="cf5f2332-e606-4f86-9536-a3778f61a731" testId="57530de8-0ce5-37bb-9de5-9f39df9c54e9" testName="SpaceStay.Tests.Unit.AuthServiceTests.RegisterGuest_com_email_existente_lanca_conflito" computerName="MacBook-Air-de-Matheus" duration="00:00:00.0002784" startTime="2026-06-02T20:49:26.3457220-03:00" endTime="2026-06-02T20:49:26.3457220-03:00" testType="13cdc9d9-ddb5-4fa4-a97d-d965ccfc6d4b" outcome="Passed" testListId="8c84fa94-04c1-424b-9868-57a2d4851a1d" relativeResultsDirectory="cf5f2332-e606-4f86-9536-a3778f61a731" />
    <UnitTestResult executionId="61237e30-55fb-411d-9735-ab09f555b12d" testId="b6d66c17-0c54-78a5-547a-bc6c5be85a9d" testName="SpaceStay.Tests.Unit.AuthServiceTests.RegisterGuest_armazena_senha_hasheada_e_retorna_token" computerName="MacBook-Air-de-Matheus" duration="00:00:00.0327049" startTime="2026-06-02T20:49:26.2876540-03:00" endTime="2026-06-02T20:49:26.2876540-03:00" testType="13cdc9d9-ddb5-4fa4-a97d-d965ccfc6d4b" outcome="Passed" testListId="8c84fa94-04c1-424b-9868-57a2d4851a1d" relativeResultsDirectory="61237e30-55fb-411d-9735-ab09f555b12d" />
    <UnitTestResult executionId="04037af5-a83d-4f7c-9e63-cd80abd0276f" testId="1723ae12-4f89-89e9-a4d6-9a325fdc2972" testName="SpaceStay.Tests.Unit.AlertRulesTests.Evaluate_classifica_corretamente(type: co2, value: 600, min: 0, max: 1000, esperado: &quot;safe&quot;)" computerName="MacBook-Air-de-Matheus" duration="00:00:00.0000005" startTime="2026-06-02T20:49:26.2739570-03:00" endTime="2026-06-02T20:49:26.2739570-03:00" testType="13cdc9d9-ddb5-4fa4-a97d-d965ccfc6d4b" outcome="Passed" testListId="8c84fa94-04c1-424b-9868-57a2d4851a1d" relativeResultsDirectory="04037af5-a83d-4f7c-9e63-cd80abd0276f" />
    <UnitTestResult executionId="eb6672ee-9ef9-4660-992f-5c797b2b22ad" testId="0fc8d86f-5701-c349-6de6-29399db825ec" testName="SpaceStay.Tests.Unit.Pbkdf2PasswordHasherTests.Hashes_da_mesma_senha_sao_diferentes_por_causa_do_salt" computerName="MacBook-Air-de-Matheus" duration="00:00:00.0569134" startTime="2026-06-02T20:49:26.3710050-03:00" endTime="2026-06-02T20:49:26.3710050-03:00" testType="13cdc9d9-ddb5-4fa4-a97d-d965ccfc6d4b" outcome="Passed" testListId="8c84fa94-04c1-424b-9868-57a2d4851a1d" relativeResultsDirectory="eb6672ee-9ef9-4660-992f-5c797b2b22ad" />
    <UnitTestResult executionId="2f1fd81f-8f47-474d-9d59-cf4620978b32" testId="865740d8-4e10-b582-d882-a58a1425be31" testName="SpaceStay.Tests.Unit.BookingServiceTests.Create_em_modulo_em_manutencao_lanca_conflito" computerName="MacBook-Air-de-Matheus" duration="00:00:00.0003250" startTime="2026-06-02T20:49:26.2740040-03:00" endTime="2026-06-02T20:49:26.2740040-03:00" testType="13cdc9d9-ddb5-4fa4-a97d-d965ccfc6d4b" outcome="Passed" testListId="8c84fa94-04c1-424b-9868-57a2d4851a1d" relativeResultsDirectory="2f1fd81f-8f47-474d-9d59-cf4620978b32" />
    <UnitTestResult executionId="0fc0e5df-08c5-4a6d-8a26-ddc73fb2c677" testId="67720b9b-ac62-e542-4bb3-dbf2fdc8f502" testName="SpaceStay.Tests.Unit.AuthServiceTests.Login_correto_de_staff_retorna_role" computerName="MacBook-Air-de-Matheus" duration="00:00:00.0287659" startTime="2026-06-02T20:49:26.3745010-03:00" endTime="2026-06-02T20:49:26.3745010-03:00" testType="13cdc9d9-ddb5-4fa4-a97d-d965ccfc6d4b" outcome="Passed" testListId="8c84fa94-04c1-424b-9868-57a2d4851a1d" relativeResultsDirectory="0fc0e5df-08c5-4a6d-8a26-ddc73fb2c677" />
    <UnitTestResult executionId="ce8d6550-8c49-42ca-a7b6-b5b7825051e2" testId="e279eb44-d63b-fab1-cc24-7219aeb53bc0" testName="SpaceStay.Tests.Unit.ReadingServiceTests.Ingest_sensor_inexistente_lanca_notfound" computerName="MacBook-Air-de-Matheus" duration="00:00:00.0003592" startTime="2026-06-02T20:49:26.2742350-03:00" endTime="2026-06-02T20:49:26.2742350-03:00" testType="13cdc9d9-ddb5-4fa4-a97d-d965ccfc6d4b" outcome="Passed" testListId="8c84fa94-04c1-424b-9868-57a2d4851a1d" relativeResultsDirectory="ce8d6550-8c49-42ca-a7b6-b5b7825051e2" />
    <UnitTestResult executionId="051162b7-9133-44e5-9ff9-7d6d094c96d1" testId="4dd7a99c-0b10-9456-0ae5-5aad4633fe8a" testName="SpaceStay.Tests.Unit.BookingServiceTests.Create_em_modulo_lotado_lanca_conflito" computerName="MacBook-Air-de-Matheus" duration="00:00:00.0006082" startTime="2026-06-02T20:49:26.2742220-03:00" endTime="2026-06-02T20:49:26.2742220-03:00" testType="13cdc9d9-ddb5-4fa4-a97d-d965ccfc6d4b" outcome="Passed" testListId="8c84fa94-04c1-424b-9868-57a2d4851a1d" relativeResultsDirectory="051162b7-9133-44e5-9ff9-7d6d094c96d1" />
    <UnitTestResult executionId="04729757-ce9f-4e8b-ad56-98912fce7c63" testId="3df0f08a-704f-3be8-3dcc-0ff3d19187a7" testName="SpaceStay.Tests.Unit.BookingServiceTests.Create_com_datas_invalidas_lanca_validacao" computerName="MacBook-Air-de-Matheus" duration="00:00:00.0005384" startTime="2026-06-02T20:49:26.2739750-03:00" endTime="2026-06-02T20:49:26.2739750-03:00" testType="13cdc9d9-ddb5-4fa4-a97d-d965ccfc6d4b" outcome="Passed" testListId="8c84fa94-04c1-424b-9868-57a2d4851a1d" relativeResultsDirectory="04729757-ce9f-4e8b-ad56-98912fce7c63" />
    <UnitTestResult executionId="5e2e1f28-ced9-46fd-a176-effad55f4f2e" testId="be2300d0-5b99-ec43-ea35-cfa5c24c429f" testName="SpaceStay.Tests.Unit.AlertRulesTests.Evaluate_classifica_corretamente(type: temperature, value: 22, min: 18, max: 27, esperado: &quot;safe&quot;)" computerName="MacBook-Air-de-Matheus" duration="00:00:00.0000004" startTime="2026-06-02T20:49:26.2734930-03:00" endTime="2026-06-02T20:49:26.2734930-03:00" testType="13cdc9d9-ddb5-4fa4-a97d-d965ccfc6d4b" outcome="Passed" testListId="8c84fa94-04c1-424b-9868-57a2d4851a1d" relativeResultsDirectory="5e2e1f28-ced9-46fd-a176-effad55f4f2e" />
    <UnitTestResult executionId="41270511-3367-45be-97e5-71a6098ccfe9" testId="8ce3c4ee-2a1f-3870-0ab5-0a108b3e91ce" testName="SpaceStay.Tests.Unit.Pbkdf2PasswordHasherTests.Hash_nao_armazena_senha_em_texto_puro" computerName="MacBook-Air-de-Matheus" duration="00:00:00.0168551" startTime="2026-06-02T20:49:26.2742590-03:00" endTime="2026-06-02T20:49:26.2742590-03:00" testType="13cdc9d9-ddb5-4fa4-a97d-d965ccfc6d4b" outcome="Passed" testListId="8c84fa94-04c1-424b-9868-57a2d4851a1d" relativeResultsDirectory="41270511-3367-45be-97e5-71a6098ccfe9" />
    <UnitTestResult executionId="0f787aef-6bcf-4cff-a191-ab9d8c0cf446" testId="c1dd3a56-c2f8-905c-edb2-2b196eb0f312" testName="SpaceStay.Tests.Unit.Pbkdf2PasswordHasherTests.Verify_aceita_senha_correta_e_rejeita_errada" computerName="MacBook-Air-de-Matheus" duration="00:00:00.0421601" startTime="2026-06-02T20:49:26.3140780-03:00" endTime="2026-06-02T20:49:26.3140780-03:00" testType="13cdc9d9-ddb5-4fa4-a97d-d965ccfc6d4b" outcome="Passed" testListId="8c84fa94-04c1-424b-9868-57a2d4851a1d" relativeResultsDirectory="0f787aef-6bcf-4cff-a191-ab9d8c0cf446" />
    <UnitTestResult executionId="d0047d0e-c40a-4b8f-af04-c2ead750242f" testId="085402d1-ba79-2bca-5e8f-c8d07ed4d270" testName="SpaceStay.Tests.Unit.ReadingServiceTests.Ingest_acima_de_1000_mas_ate_2000_gera_aviso" computerName="MacBook-Air-de-Matheus" duration="00:00:00.0002319" startTime="2026-06-02T20:49:26.2742080-03:00" endTime="2026-06-02T20:49:26.2742080-03:00" testType="13cdc9d9-ddb5-4fa4-a97d-d965ccfc6d4b" outcome="Passed" testListId="8c84fa94-04c1-424b-9868-57a2d4851a1d" relativeResultsDirectory="d0047d0e-c40a-4b8f-af04-c2ead750242f" />
    <UnitTestResult executionId="74209e14-bece-4b95-97ac-3826b0ca4c0c" testId="3b29847a-d837-63d4-8cd1-00928274511d" testName="SpaceStay.Tests.Unit.AlertRulesTests.Evaluate_classifica_corretamente(type: co2, value: 2150, min: 0, max: 1000, esperado: &quot;critical&quot;)" computerName="MacBook-Air-de-Matheus" duration="00:00:00.0000008" startTime="2026-06-02T20:49:26.2733710-03:00" endTime="2026-06-02T20:49:26.2733710-03:00" testType="13cdc9d9-ddb5-4fa4-a97d-d965ccfc6d4b" outcome="Passed" testListId="8c84fa94-04c1-424b-9868-57a2d4851a1d" relativeResultsDirectory="74209e14-bece-4b95-97ac-3826b0ca4c0c" />
    <UnitTestResult executionId="c816eb6e-96bf-48f4-8468-3d4aac8674d6" testId="6603aef8-098d-a1b2-abfe-c7a83277708c" testName="SpaceStay.Tests.E2E.ApiE2ETests.Booking_em_modulo_lotado_retorna_409" computerName="MacBook-Air-de-Matheus" duration="00:00:00.0335386" startTime="2026-06-02T20:49:27.3804650-03:00" endTime="2026-06-02T20:49:27.3804650-03:00" testType="13cdc9d9-ddb5-4fa4-a97d-d965ccfc6d4b" outcome="Passed" testListId="8c84fa94-04c1-424b-9868-57a2d4851a1d" relativeResultsDirectory="c816eb6e-96bf-48f4-8468-3d4aac8674d6" />
    <UnitTestResult executionId="a8e7aed3-8479-4049-b99f-943e0c5ba7b9" testId="e2100232-6b6a-315a-3aca-5fc453c03c5b" testName="SpaceStay.Tests.E2E.ApiE2ETests.Register_retorna_201_com_token" computerName="MacBook-Air-de-Matheus" duration="00:00:00.0246544" startTime="2026-06-02T20:49:27.3468550-03:00" endTime="2026-06-02T20:49:27.3468550-03:00" testType="13cdc9d9-ddb5-4fa4-a97d-d965ccfc6d4b" outcome="Passed" testListId="8c84fa94-04c1-424b-9868-57a2d4851a1d" relativeResultsDirectory="a8e7aed3-8479-4049-b99f-943e0c5ba7b9" />
    <UnitTestResult executionId="6a9b3c93-9c01-4d41-bed6-efd603022186" testId="3589dace-637c-9263-d4a7-b75688b4639a" testName="SpaceStay.Tests.Unit.AlertRulesTests.StatusLabel_e_ComfortLabel_sao_consistentes" computerName="MacBook-Air-de-Matheus" duration="00:00:00.0001660" startTime="2026-06-02T20:49:26.2740450-03:00" endTime="2026-06-02T20:49:26.2740450-03:00" testType="13cdc9d9-ddb5-4fa4-a97d-d965ccfc6d4b" outcome="Passed" testListId="8c84fa94-04c1-424b-9868-57a2d4851a1d" relativeResultsDirectory="6a9b3c93-9c01-4d41-bed6-efd603022186" />
    <UnitTestResult executionId="17ffbf62-8d33-41c8-8335-96bdeb00697e" testId="dd373bc9-4699-21dd-2789-314a6a6fc84a" testName="SpaceStay.Tests.E2E.ApiE2ETests.Reading_critica_cria_alerta_critico" computerName="MacBook-Air-de-Matheus" duration="00:00:00.0874399" startTime="2026-06-02T20:49:27.4680010-03:00" endTime="2026-06-02T20:49:27.4680010-03:00" testType="13cdc9d9-ddb5-4fa4-a97d-d965ccfc6d4b" outcome="Passed" testListId="8c84fa94-04c1-424b-9868-57a2d4851a1d" relativeResultsDirectory="17ffbf62-8d33-41c8-8335-96bdeb00697e" />
    <UnitTestResult executionId="7bf6bbff-768a-4629-a39b-f3ed0d6dd1cf" testId="3364efe5-5315-c738-5bfe-b2d99b12f4a3" testName="SpaceStay.Tests.Unit.AlertRulesTests.Evaluate_classifica_corretamente(type: pressure, value: 94,900000000000006, min: 95, max: 105, esperado: &quot;critical&quot;)" computerName="MacBook-Air-de-Matheus" duration="00:00:00.0000007" startTime="2026-06-02T20:49:26.2734360-03:00" endTime="2026-06-02T20:49:26.2734360-03:00" testType="13cdc9d9-ddb5-4fa4-a97d-d965ccfc6d4b" outcome="Passed" testListId="8c84fa94-04c1-424b-9868-57a2d4851a1d" relativeResultsDirectory="7bf6bbff-768a-4629-a39b-f3ed0d6dd1cf" />
    <UnitTestResult executionId="110a08e9-6c8a-4964-acc1-faf17da697f5" testId="e805ef81-bcc6-855e-fde1-bf6a93b81d43" testName="SpaceStay.Tests.Unit.ReadingServiceTests.Ingest_no_limite_maximo_e_seguro" computerName="MacBook-Air-de-Matheus" duration="00:00:00.0003963" startTime="2026-06-02T20:49:26.2741860-03:00" endTime="2026-06-02T20:49:26.2741860-03:00" testType="13cdc9d9-ddb5-4fa4-a97d-d965ccfc6d4b" outcome="Passed" testListId="8c84fa94-04c1-424b-9868-57a2d4851a1d" relativeResultsDirectory="110a08e9-6c8a-4964-acc1-faf17da697f5" />
    <UnitTestResult executionId="818c68e4-7adf-47bb-bbdd-ffe48a6fdaa7" testId="61a10532-560c-79bb-8547-9586ca2c2613" testName="SpaceStay.Tests.Unit.Pbkdf2PasswordHasherTests.Verify_retorna_false_para_hash_malformado" computerName="MacBook-Air-de-Matheus" duration="00:00:00.0000663" startTime="2026-06-02T20:49:26.3711060-03:00" endTime="2026-06-02T20:49:26.3711060-03:00" testType="13cdc9d9-ddb5-4fa4-a97d-d965ccfc6d4b" outcome="Passed" testListId="8c84fa94-04c1-424b-9868-57a2d4851a1d" relativeResultsDirectory="818c68e4-7adf-47bb-bbdd-ffe48a6fdaa7" />
    <UnitTestResult executionId="5c24140a-6023-46db-9bea-5aa6407106db" testId="6f59fec0-b2c0-b2a8-b3de-4fd7ff379910" testName="SpaceStay.Tests.Unit.AlertRulesTests.Evaluate_classifica_corretamente(type: o2, value: 23,600000000000001, min: 19,5, max: 23,5, esperado: &quot;critical&quot;)" computerName="MacBook-Air-de-Matheus" duration="00:00:00.0019937" startTime="2026-06-02T20:49:26.2595320-03:00" endTime="2026-06-02T20:49:26.2595400-03:00" testType="13cdc9d9-ddb5-4fa4-a97d-d965ccfc6d4b" outcome="Passed" testListId="8c84fa94-04c1-424b-9868-57a2d4851a1d" relativeResultsDirectory="5c24140a-6023-46db-9bea-5aa6407106db" />
    <UnitTestResult executionId="465a472b-6b07-4dfe-a28a-24a24bd53032" testId="4230143c-b76b-fda8-258b-1ab06c9daa3d" testName="SpaceStay.Tests.Unit.AlertRulesTests.Evaluate_classifica_corretamente(type: o2, value: 19,399999999999999, min: 19,5, max: 23,5, esperado: &quot;critical&quot;)" computerName="MacBook-Air-de-Matheus" duration="00:00:00.0000005" startTime="2026-06-02T20:49:26.2734490-03:00" endTime="2026-06-02T20:49:26.2734490-03:00" testType="13cdc9d9-ddb5-4fa4-a97d-d965ccfc6d4b" outcome="Passed" testListId="8c84fa94-04c1-424b-9868-57a2d4851a1d" relativeResultsDirectory="465a472b-6b07-4dfe-a28a-24a24bd53032" />
  </Results>
  <TestDefinitions>
    <UnitTest name="SpaceStay.Tests.Unit.AlertRulesTests.Evaluate_classifica_corretamente(type: temperature, value: 28,5, min: 18, max: 27, esperado: &quot;warning&quot;)" storage="/users/matheus/workspace/fiap/gs/tests/spacestay.tests/bin/debug/net8.0/spacestay.tests.dll" id="0a49df54-ba61-0c92-4903-3f5c162a54a1">
      <Execution id="8f0e731b-8b3b-46c8-aa64-3841f85dcb56" />
      <TestMethod codeBase="/Users/matheus/Workspace/fiap/gs/tests/SpaceStay.Tests/bin/Debug/net8.0/SpaceStay.Tests.dll" adapterTypeName="executor://xunit/VsTestRunner2/netcoreapp" className="SpaceStay.Tests.Unit.AlertRulesTests" name="Evaluate_classifica_corretamente" />
    </UnitTest>
    <UnitTest name="SpaceStay.Tests.E2E.ApiE2ETests.Reading_dentro_da_faixa_nao_cria_alerta" storage="/users/matheus/workspace/fiap/gs/tests/spacestay.tests/bin/debug/net8.0/spacestay.tests.dll" id="95b0acac-c5b1-c4b4-6943-42257cabca66">
      <Execution id="332b8ea3-2684-4e3f-8b5c-f6bbc2ec6e63" />
      <TestMethod codeBase="/Users/matheus/Workspace/fiap/gs/tests/SpaceStay.Tests/bin/Debug/net8.0/SpaceStay.Tests.dll" adapterTypeName="executor://xunit/VsTestRunner2/netcoreapp" className="SpaceStay.Tests.E2E.ApiE2ETests" name="Reading_dentro_da_faixa_nao_cria_alerta" />
    </UnitTest>
    <UnitTest name="SpaceStay.Tests.Unit.AuthServiceTests.Login_correto_de_staff_retorna_role" storage="/users/matheus/workspace/fiap/gs/tests/spacestay.tests/bin/debug/net8.0/spacestay.tests.dll" id="67720b9b-ac62-e542-4bb3-dbf2fdc8f502">
      <Execution id="0fc0e5df-08c5-4a6d-8a26-ddc73fb2c677" />
      <TestMethod codeBase="/Users/matheus/Workspace/fiap/gs/tests/SpaceStay.Tests/bin/Debug/net8.0/SpaceStay.Tests.dll" adapterTypeName="executor://xunit/VsTestRunner2/netcoreapp" className="SpaceStay.Tests.Unit.AuthServiceTests" name="Login_correto_de_staff_retorna_role" />
    </UnitTest>
    <UnitTest name="SpaceStay.Tests.Unit.BookingServiceTests.Create_em_modulo_em_manutencao_lanca_conflito" storage="/users/matheus/workspace/fiap/gs/tests/spacestay.tests/bin/debug/net8.0/spacestay.tests.dll" id="865740d8-4e10-b582-d882-a58a1425be31">
      <Execution id="2f1fd81f-8f47-474d-9d59-cf4620978b32" />
      <TestMethod codeBase="/Users/matheus/Workspace/fiap/gs/tests/SpaceStay.Tests/bin/Debug/net8.0/SpaceStay.Tests.dll" adapterTypeName="executor://xunit/VsTestRunner2/netcoreapp" className="SpaceStay.Tests.Unit.BookingServiceTests" name="Create_em_modulo_em_manutencao_lanca_conflito" />
    </UnitTest>
    <UnitTest name="SpaceStay.Tests.Unit.AuthServiceTests.Login_correto_de_guest_retorna_token" storage="/users/matheus/workspace/fiap/gs/tests/spacestay.tests/bin/debug/net8.0/spacestay.tests.dll" id="9097293e-0858-c50b-51e6-32d0f1241b99">
      <Execution id="e57ef0ed-cca0-4dc1-a34e-b52d363be049" />
      <TestMethod codeBase="/Users/matheus/Workspace/fiap/gs/tests/SpaceStay.Tests/bin/Debug/net8.0/SpaceStay.Tests.dll" adapterTypeName="executor://xunit/VsTestRunner2/netcoreapp" className="SpaceStay.Tests.Unit.AuthServiceTests" name="Login_correto_de_guest_retorna_token" />
    </UnitTest>
    <UnitTest name="SpaceStay.Tests.Unit.AlertRulesTests.BuildMessage_inclui_grandeza_valor_e_modulo" storage="/users/matheus/workspace/fiap/gs/tests/spacestay.tests/bin/debug/net8.0/spacestay.tests.dll" id="b41b71fe-2be1-a29d-1fe8-9d89cf1a9edc">
      <Execution id="670bbe35-e564-42cd-a211-75ea6e54f646" />
      <TestMethod codeBase="/Users/matheus/Workspace/fiap/gs/tests/SpaceStay.Tests/bin/Debug/net8.0/SpaceStay.Tests.dll" adapterTypeName="executor://xunit/VsTestRunner2/netcoreapp" className="SpaceStay.Tests.Unit.AlertRulesTests" name="BuildMessage_inclui_grandeza_valor_e_modulo" />
    </UnitTest>
    <UnitTest name="SpaceStay.Tests.Unit.Pbkdf2PasswordHasherTests.Hashes_da_mesma_senha_sao_diferentes_por_causa_do_salt" storage="/users/matheus/workspace/fiap/gs/tests/spacestay.tests/bin/debug/net8.0/spacestay.tests.dll" id="0fc8d86f-5701-c349-6de6-29399db825ec">
      <Execution id="eb6672ee-9ef9-4660-992f-5c797b2b22ad" />
      <TestMethod codeBase="/Users/matheus/Workspace/fiap/gs/tests/SpaceStay.Tests/bin/Debug/net8.0/SpaceStay.Tests.dll" adapterTypeName="executor://xunit/VsTestRunner2/netcoreapp" className="SpaceStay.Tests.Unit.Pbkdf2PasswordHasherTests" name="Hashes_da_mesma_senha_sao_diferentes_por_causa_do_salt" />
    </UnitTest>
    <UnitTest name="SpaceStay.Tests.Unit.AlertRulesTests.Evaluate_classifica_corretamente(type: o2, value: 19,5, min: 19,5, max: 23,5, esperado: &quot;safe&quot;)" storage="/users/matheus/workspace/fiap/gs/tests/spacestay.tests/bin/debug/net8.0/spacestay.tests.dll" id="51ee24bb-465d-f14b-b76e-830f34d35ff9">
      <Execution id="f4ad5d22-5e9e-4ed1-bb2a-06fa04bea8fe" />
      <TestMethod codeBase="/Users/matheus/Workspace/fiap/gs/tests/SpaceStay.Tests/bin/Debug/net8.0/SpaceStay.Tests.dll" adapterTypeName="executor://xunit/VsTestRunner2/netcoreapp" className="SpaceStay.Tests.Unit.AlertRulesTests" name="Evaluate_classifica_corretamente" />
    </UnitTest>
    <UnitTest name="SpaceStay.Tests.Unit.AlertRulesTests.Evaluate_classifica_corretamente(type: co2, value: 1001, min: 0, max: 1000, esperado: &quot;warning&quot;)" storage="/users/matheus/workspace/fiap/gs/tests/spacestay.tests/bin/debug/net8.0/spacestay.tests.dll" id="44ba8366-c2ec-8a4d-1492-707a4066b69b">
      <Execution id="51000bc6-5863-4cc6-b4e8-a4ce6a57d987" />
      <TestMethod codeBase="/Users/matheus/Workspace/fiap/gs/tests/SpaceStay.Tests/bin/Debug/net8.0/SpaceStay.Tests.dll" adapterTypeName="executor://xunit/VsTestRunner2/netcoreapp" className="SpaceStay.Tests.Unit.AlertRulesTests" name="Evaluate_classifica_corretamente" />
    </UnitTest>
    <UnitTest name="SpaceStay.Tests.Unit.AlertRulesTests.Evaluate_classifica_corretamente(type: co2, value: 600, min: 0, max: 1000, esperado: &quot;safe&quot;)" storage="/users/matheus/workspace/fiap/gs/tests/spacestay.tests/bin/debug/net8.0/spacestay.tests.dll" id="1723ae12-4f89-89e9-a4d6-9a325fdc2972">
      <Execution id="04037af5-a83d-4f7c-9e63-cd80abd0276f" />
      <TestMethod codeBase="/Users/matheus/Workspace/fiap/gs/tests/SpaceStay.Tests/bin/Debug/net8.0/SpaceStay.Tests.dll" adapterTypeName="executor://xunit/VsTestRunner2/netcoreapp" className="SpaceStay.Tests.Unit.AlertRulesTests" name="Evaluate_classifica_corretamente" />
    </UnitTest>
    <UnitTest name="SpaceStay.Tests.Unit.AuthServiceTests.RegisterGuest_armazena_senha_hasheada_e_retorna_token" storage="/users/matheus/workspace/fiap/gs/tests/spacestay.tests/bin/debug/net8.0/spacestay.tests.dll" id="b6d66c17-0c54-78a5-547a-bc6c5be85a9d">
      <Execution id="61237e30-55fb-411d-9735-ab09f555b12d" />
      <TestMethod codeBase="/Users/matheus/Workspace/fiap/gs/tests/SpaceStay.Tests/bin/Debug/net8.0/SpaceStay.Tests.dll" adapterTypeName="executor://xunit/VsTestRunner2/netcoreapp" className="SpaceStay.Tests.Unit.AuthServiceTests" name="RegisterGuest_armazena_senha_hasheada_e_retorna_token" />
    </UnitTest>
    <UnitTest name="SpaceStay.Tests.Unit.AlertRulesTests.Evaluate_classifica_corretamente(type: o2, value: 20,899999999999999, min: 19,5, max: 23,5, esperado: &quot;safe&quot;)" storage="/users/matheus/workspace/fiap/gs/tests/spacestay.tests/bin/debug/net8.0/spacestay.tests.dll" id="24fb7301-78d4-2abc-ae1e-6063003d8381">
      <Execution id="ba94f219-2264-4184-9559-1b505179d9a8" />
      <TestMethod codeBase="/Users/matheus/Workspace/fiap/gs/tests/SpaceStay.Tests/bin/Debug/net8.0/SpaceStay.Tests.dll" adapterTypeName="executor://xunit/VsTestRunner2/netcoreapp" className="SpaceStay.Tests.Unit.AlertRulesTests" name="Evaluate_classifica_corretamente" />
    </UnitTest>
    <UnitTest name="SpaceStay.Tests.Unit.ReadingServiceTests.Ingest_no_limite_maximo_e_seguro" storage="/users/matheus/workspace/fiap/gs/tests/spacestay.tests/bin/debug/net8.0/spacestay.tests.dll" id="e805ef81-bcc6-855e-fde1-bf6a93b81d43">
      <Execution id="110a08e9-6c8a-4964-acc1-faf17da697f5" />
      <TestMethod codeBase="/Users/matheus/Workspace/fiap/gs/tests/SpaceStay.Tests/bin/Debug/net8.0/SpaceStay.Tests.dll" adapterTypeName="executor://xunit/VsTestRunner2/netcoreapp" className="SpaceStay.Tests.Unit.ReadingServiceTests" name="Ingest_no_limite_maximo_e_seguro" />
    </UnitTest>
    <UnitTest name="SpaceStay.Tests.Unit.AlertRulesTests.Evaluate_classifica_corretamente(type: pressure, value: 94,900000000000006, min: 95, max: 105, esperado: &quot;critical&quot;)" storage="/users/matheus/workspace/fiap/gs/tests/spacestay.tests/bin/debug/net8.0/spacestay.tests.dll" id="3364efe5-5315-c738-5bfe-b2d99b12f4a3">
      <Execution id="7bf6bbff-768a-4629-a39b-f3ed0d6dd1cf" />
      <TestMethod codeBase="/Users/matheus/Workspace/fiap/gs/tests/SpaceStay.Tests/bin/Debug/net8.0/SpaceStay.Tests.dll" adapterTypeName="executor://xunit/VsTestRunner2/netcoreapp" className="SpaceStay.Tests.Unit.AlertRulesTests" name="Evaluate_classifica_corretamente" />
    </UnitTest>
    <UnitTest name="SpaceStay.Tests.Unit.ReadingServiceTests.Ingest_leitura_segura_nao_cria_alerta" storage="/users/matheus/workspace/fiap/gs/tests/spacestay.tests/bin/debug/net8.0/spacestay.tests.dll" id="2b6a4550-cf90-0778-6935-21e196bdedea">
      <Execution id="f6f4615c-b5d4-475a-8908-a8bc188e0af8" />
      <TestMethod codeBase="/Users/matheus/Workspace/fiap/gs/tests/SpaceStay.Tests/bin/Debug/net8.0/SpaceStay.Tests.dll" adapterTypeName="executor://xunit/VsTestRunner2/netcoreapp" className="SpaceStay.Tests.Unit.ReadingServiceTests" name="Ingest_leitura_segura_nao_cria_alerta" />
    </UnitTest>
    <UnitTest name="SpaceStay.Tests.Unit.BookingServiceTests.Create_em_modulo_inexistente_lanca_notfound" storage="/users/matheus/workspace/fiap/gs/tests/spacestay.tests/bin/debug/net8.0/spacestay.tests.dll" id="c058ec53-0cde-0334-0bc4-1ce5bbb1daaa">
      <Execution id="4fd4f4d6-b80b-4e3d-b898-3b372b5398d1" />
      <TestMethod codeBase="/Users/matheus/Workspace/fiap/gs/tests/SpaceStay.Tests/bin/Debug/net8.0/SpaceStay.Tests.dll" adapterTypeName="executor://xunit/VsTestRunner2/netcoreapp" className="SpaceStay.Tests.Unit.BookingServiceTests" name="Create_em_modulo_inexistente_lanca_notfound" />
    </UnitTest>
    <UnitTest name="SpaceStay.Tests.E2E.ApiE2ETests.Modules_sem_token_retorna_401" storage="/users/matheus/workspace/fiap/gs/tests/spacestay.tests/bin/debug/net8.0/spacestay.tests.dll" id="105e5ded-3ed1-af1c-fa63-7e833398f9d6">
      <Execution id="1f5c7cd4-b505-4b89-ad3a-f1bb6e621086" />
      <TestMethod codeBase="/Users/matheus/Workspace/fiap/gs/tests/SpaceStay.Tests/bin/Debug/net8.0/SpaceStay.Tests.dll" adapterTypeName="executor://xunit/VsTestRunner2/netcoreapp" className="SpaceStay.Tests.E2E.ApiE2ETests" name="Modules_sem_token_retorna_401" />
    </UnitTest>
    <UnitTest name="SpaceStay.Tests.E2E.ApiE2ETests.Booking_em_modulo_disponivel_retorna_201" storage="/users/matheus/workspace/fiap/gs/tests/spacestay.tests/bin/debug/net8.0/spacestay.tests.dll" id="d5762652-1624-3270-3376-cf44324f20ce">
      <Execution id="98eb43b6-c1bf-4a8c-86bb-3531abe623c6" />
      <TestMethod codeBase="/Users/matheus/Workspace/fiap/gs/tests/SpaceStay.Tests/bin/Debug/net8.0/SpaceStay.Tests.dll" adapterTypeName="executor://xunit/VsTestRunner2/netcoreapp" className="SpaceStay.Tests.E2E.ApiE2ETests" name="Booking_em_modulo_disponivel_retorna_201" />
    </UnitTest>
    <UnitTest name="SpaceStay.Tests.Unit.AlertRulesTests.Evaluate_classifica_corretamente(type: co2, value: 1000, min: 0, max: 1000, esperado: &quot;safe&quot;)" storage="/users/matheus/workspace/fiap/gs/tests/spacestay.tests/bin/debug/net8.0/spacestay.tests.dll" id="80ab8c06-3f83-8ac4-a7b0-0c02e09597c1">
      <Execution id="96790232-11e7-4c06-8616-4dcd2771133a" />
      <TestMethod codeBase="/Users/matheus/Workspace/fiap/gs/tests/SpaceStay.Tests/bin/Debug/net8.0/SpaceStay.Tests.dll" adapterTypeName="executor://xunit/VsTestRunner2/netcoreapp" className="SpaceStay.Tests.Unit.AlertRulesTests" name="Evaluate_classifica_corretamente" />
    </UnitTest>
    <UnitTest name="SpaceStay.Tests.Unit.AlertRulesTests.Evaluate_classifica_corretamente(type: water, value: 18, min: 20, max: 100, esperado: &quot;warning&quot;)" storage="/users/matheus/workspace/fiap/gs/tests/spacestay.tests/bin/debug/net8.0/spacestay.tests.dll" id="c7f6b268-ed9f-f05d-42c3-18a10ec0596c">
      <Execution id="99ed369c-6850-4900-b691-ebc759e8861c" />
      <TestMethod codeBase="/Users/matheus/Workspace/fiap/gs/tests/SpaceStay.Tests/bin/Debug/net8.0/SpaceStay.Tests.dll" adapterTypeName="executor://xunit/VsTestRunner2/netcoreapp" className="SpaceStay.Tests.Unit.AlertRulesTests" name="Evaluate_classifica_corretamente" />
    </UnitTest>
    <UnitTest name="SpaceStay.Tests.Unit.BookingServiceTests.Create_com_datas_invalidas_lanca_validacao" storage="/users/matheus/workspace/fiap/gs/tests/spacestay.tests/bin/debug/net8.0/spacestay.tests.dll" id="3df0f08a-704f-3be8-3dcc-0ff3d19187a7">
      <Execution id="04729757-ce9f-4e8b-ad56-98912fce7c63" />
      <TestMethod codeBase="/Users/matheus/Workspace/fiap/gs/tests/SpaceStay.Tests/bin/Debug/net8.0/SpaceStay.Tests.dll" adapterTypeName="executor://xunit/VsTestRunner2/netcoreapp" className="SpaceStay.Tests.Unit.BookingServiceTests" name="Create_com_datas_invalidas_lanca_validacao" />
    </UnitTest>
    <UnitTest name="SpaceStay.Tests.Unit.AuthServiceTests.RegisterGuest_com_email_existente_lanca_conflito" storage="/users/matheus/workspace/fiap/gs/tests/spacestay.tests/bin/debug/net8.0/spacestay.tests.dll" id="57530de8-0ce5-37bb-9de5-9f39df9c54e9">
      <Execution id="cf5f2332-e606-4f86-9536-a3778f61a731" />
      <TestMethod codeBase="/Users/matheus/Workspace/fiap/gs/tests/SpaceStay.Tests/bin/Debug/net8.0/SpaceStay.Tests.dll" adapterTypeName="executor://xunit/VsTestRunner2/netcoreapp" className="SpaceStay.Tests.Unit.AuthServiceTests" name="RegisterGuest_com_email_existente_lanca_conflito" />
    </UnitTest>
    <UnitTest name="SpaceStay.Tests.E2E.ApiE2ETests.Reading_critica_cria_alerta_critico" storage="/users/matheus/workspace/fiap/gs/tests/spacestay.tests/bin/debug/net8.0/spacestay.tests.dll" id="dd373bc9-4699-21dd-2789-314a6a6fc84a">
      <Execution id="17ffbf62-8d33-41c8-8335-96bdeb00697e" />
      <TestMethod codeBase="/Users/matheus/Workspace/fiap/gs/tests/SpaceStay.Tests/bin/Debug/net8.0/SpaceStay.Tests.dll" adapterTypeName="executor://xunit/VsTestRunner2/netcoreapp" className="SpaceStay.Tests.E2E.ApiE2ETests" name="Reading_critica_cria_alerta_critico" />
    </UnitTest>
    <UnitTest name="SpaceStay.Tests.Unit.BookingServiceTests.GetById_de_outro_hospede_e_proibido" storage="/users/matheus/workspace/fiap/gs/tests/spacestay.tests/bin/debug/net8.0/spacestay.tests.dll" id="30f6583a-a6c0-b09d-7d7e-ace5fbb86c71">
      <Execution id="08eafe87-d6f3-4f84-8fdc-f41816e1f481" />
      <TestMethod codeBase="/Users/matheus/Workspace/fiap/gs/tests/SpaceStay.Tests/bin/Debug/net8.0/SpaceStay.Tests.dll" adapterTypeName="executor://xunit/VsTestRunner2/netcoreapp" className="SpaceStay.Tests.Unit.BookingServiceTests" name="GetById_de_outro_hospede_e_proibido" />
    </UnitTest>
    <UnitTest name="SpaceStay.Tests.Unit.BookingServiceTests.Create_em_modulo_disponivel_cria_reserva" storage="/users/matheus/workspace/fiap/gs/tests/spacestay.tests/bin/debug/net8.0/spacestay.tests.dll" id="45b9ece5-c357-c81f-7b0e-6f929c80703f">
      <Execution id="32efb817-d72e-4847-ba77-1e5f440c9adc" />
      <TestMethod codeBase="/Users/matheus/Workspace/fiap/gs/tests/SpaceStay.Tests/bin/Debug/net8.0/SpaceStay.Tests.dll" adapterTypeName="executor://xunit/VsTestRunner2/netcoreapp" className="SpaceStay.Tests.Unit.BookingServiceTests" name="Create_em_modulo_disponivel_cria_reserva" />
    </UnitTest>
    <UnitTest name="SpaceStay.Tests.E2E.ApiE2ETests.Login_com_senha_errada_retorna_401" storage="/users/matheus/workspace/fiap/gs/tests/spacestay.tests/bin/debug/net8.0/spacestay.tests.dll" id="ed62e5ce-b1a2-e475-f3dc-2ab80aed89a0">
      <Execution id="1a6a39c0-efdf-46e7-a25a-c7de5854c9f6" />
      <TestMethod codeBase="/Users/matheus/Workspace/fiap/gs/tests/SpaceStay.Tests/bin/Debug/net8.0/SpaceStay.Tests.dll" adapterTypeName="executor://xunit/VsTestRunner2/netcoreapp" className="SpaceStay.Tests.E2E.ApiE2ETests" name="Login_com_senha_errada_retorna_401" />
    </UnitTest>
    <UnitTest name="SpaceStay.Tests.Unit.Pbkdf2PasswordHasherTests.Hash_nao_armazena_senha_em_texto_puro" storage="/users/matheus/workspace/fiap/gs/tests/spacestay.tests/bin/debug/net8.0/spacestay.tests.dll" id="8ce3c4ee-2a1f-3870-0ab5-0a108b3e91ce">
      <Execution id="41270511-3367-45be-97e5-71a6098ccfe9" />
      <TestMethod codeBase="/Users/matheus/Workspace/fiap/gs/tests/SpaceStay.Tests/bin/Debug/net8.0/SpaceStay.Tests.dll" adapterTypeName="executor://xunit/VsTestRunner2/netcoreapp" className="SpaceStay.Tests.Unit.Pbkdf2PasswordHasherTests" name="Hash_nao_armazena_senha_em_texto_puro" />
    </UnitTest>
    <UnitTest name="SpaceStay.Tests.Unit.AlertRulesTests.StatusLabel_e_ComfortLabel_sao_consistentes" storage="/users/matheus/workspace/fiap/gs/tests/spacestay.tests/bin/debug/net8.0/spacestay.tests.dll" id="3589dace-637c-9263-d4a7-b75688b4639a">
      <Execution id="6a9b3c93-9c01-4d41-bed6-efd603022186" />
      <TestMethod codeBase="/Users/matheus/Workspace/fiap/gs/tests/SpaceStay.Tests/bin/Debug/net8.0/SpaceStay.Tests.dll" adapterTypeName="executor://xunit/VsTestRunner2/netcoreapp" className="SpaceStay.Tests.Unit.AlertRulesTests" name="StatusLabel_e_ComfortLabel_sao_consistentes" />
    </UnitTest>
    <UnitTest name="SpaceStay.Tests.Unit.Pbkdf2PasswordHasherTests.Verify_aceita_senha_correta_e_rejeita_errada" storage="/users/matheus/workspace/fiap/gs/tests/spacestay.tests/bin/debug/net8.0/spacestay.tests.dll" id="c1dd3a56-c2f8-905c-edb2-2b196eb0f312">
      <Execution id="0f787aef-6bcf-4cff-a191-ab9d8c0cf446" />
      <TestMethod codeBase="/Users/matheus/Workspace/fiap/gs/tests/SpaceStay.Tests/bin/Debug/net8.0/SpaceStay.Tests.dll" adapterTypeName="executor://xunit/VsTestRunner2/netcoreapp" className="SpaceStay.Tests.Unit.Pbkdf2PasswordHasherTests" name="Verify_aceita_senha_correta_e_rejeita_errada" />
    </UnitTest>
    <UnitTest name="SpaceStay.Tests.Unit.Pbkdf2PasswordHasherTests.Verify_retorna_false_para_hash_malformado" storage="/users/matheus/workspace/fiap/gs/tests/spacestay.tests/bin/debug/net8.0/spacestay.tests.dll" id="61a10532-560c-79bb-8547-9586ca2c2613">
      <Execution id="818c68e4-7adf-47bb-bbdd-ffe48a6fdaa7" />
      <TestMethod codeBase="/Users/matheus/Workspace/fiap/gs/tests/SpaceStay.Tests/bin/Debug/net8.0/SpaceStay.Tests.dll" adapterTypeName="executor://xunit/VsTestRunner2/netcoreapp" className="SpaceStay.Tests.Unit.Pbkdf2PasswordHasherTests" name="Verify_retorna_false_para_hash_malformado" />
    </UnitTest>
    <UnitTest name="SpaceStay.Tests.Unit.ReadingServiceTests.Ingest_leitura_critica_cria_alerta_critico" storage="/users/matheus/workspace/fiap/gs/tests/spacestay.tests/bin/debug/net8.0/spacestay.tests.dll" id="147982be-5bb6-feac-9e51-62dccc41967d">
      <Execution id="d9d8cc56-f624-4e24-ab2d-b3f1ff83869c" />
      <TestMethod codeBase="/Users/matheus/Workspace/fiap/gs/tests/SpaceStay.Tests/bin/Debug/net8.0/SpaceStay.Tests.dll" adapterTypeName="executor://xunit/VsTestRunner2/netcoreapp" className="SpaceStay.Tests.Unit.ReadingServiceTests" name="Ingest_leitura_critica_cria_alerta_critico" />
    </UnitTest>
    <UnitTest name="SpaceStay.Tests.Unit.AuthServiceTests.Login_com_email_inexistente_lanca_AuthenticationException" storage="/users/matheus/workspace/fiap/gs/tests/spacestay.tests/bin/debug/net8.0/spacestay.tests.dll" id="e4b53ad4-40b5-ebe6-f424-175e4f74f489">
      <Execution id="f399f63d-a32f-4fac-926a-60201499e347" />
      <TestMethod codeBase="/Users/matheus/Workspace/fiap/gs/tests/SpaceStay.Tests/bin/Debug/net8.0/SpaceStay.Tests.dll" adapterTypeName="executor://xunit/VsTestRunner2/netcoreapp" className="SpaceStay.Tests.Unit.AuthServiceTests" name="Login_com_email_inexistente_lanca_AuthenticationException" />
    </UnitTest>
    <UnitTest name="SpaceStay.Tests.Unit.AlertRulesTests.Evaluate_classifica_corretamente(type: co2, value: 2150, min: 0, max: 1000, esperado: &quot;critical&quot;)" storage="/users/matheus/workspace/fiap/gs/tests/spacestay.tests/bin/debug/net8.0/spacestay.tests.dll" id="3b29847a-d837-63d4-8cd1-00928274511d">
      <Execution id="74209e14-bece-4b95-97ac-3826b0ca4c0c" />
      <TestMethod codeBase="/Users/matheus/Workspace/fiap/gs/tests/SpaceStay.Tests/bin/Debug/net8.0/SpaceStay.Tests.dll" adapterTypeName="executor://xunit/VsTestRunner2/netcoreapp" className="SpaceStay.Tests.Unit.AlertRulesTests" name="Evaluate_classifica_corretamente" />
    </UnitTest>
    <UnitTest name="SpaceStay.Tests.Unit.AlertRulesTests.Evaluate_classifica_corretamente(type: co2, value: 2001, min: 0, max: 1000, esperado: &quot;critical&quot;)" storage="/users/matheus/workspace/fiap/gs/tests/spacestay.tests/bin/debug/net8.0/spacestay.tests.dll" id="26cb80ee-2d66-29e6-25d4-31ce0ad8ea1e">
      <Execution id="fe7a93aa-20a8-41bd-9a85-66ef593093ec" />
      <TestMethod codeBase="/Users/matheus/Workspace/fiap/gs/tests/SpaceStay.Tests/bin/Debug/net8.0/SpaceStay.Tests.dll" adapterTypeName="executor://xunit/VsTestRunner2/netcoreapp" className="SpaceStay.Tests.Unit.AlertRulesTests" name="Evaluate_classifica_corretamente" />
    </UnitTest>
    <UnitTest name="SpaceStay.Tests.Unit.AlertRulesTests.Evaluate_classifica_corretamente(type: co2, value: 2000, min: 0, max: 1000, esperado: &quot;warning&quot;)" storage="/users/matheus/workspace/fiap/gs/tests/spacestay.tests/bin/debug/net8.0/spacestay.tests.dll" id="1253d8c6-a434-0a42-c4f0-7dbf8b5c495e">
      <Execution id="7bd1ea5f-9017-46ae-a620-27839cef509c" />
      <TestMethod codeBase="/Users/matheus/Workspace/fiap/gs/tests/SpaceStay.Tests/bin/Debug/net8.0/SpaceStay.Tests.dll" adapterTypeName="executor://xunit/VsTestRunner2/netcoreapp" className="SpaceStay.Tests.Unit.AlertRulesTests" name="Evaluate_classifica_corretamente" />
    </UnitTest>
    <UnitTest name="SpaceStay.Tests.Unit.AuthServiceTests.Login_com_senha_errada_lanca_AuthenticationException" storage="/users/matheus/workspace/fiap/gs/tests/spacestay.tests/bin/debug/net8.0/spacestay.tests.dll" id="6973778e-1e92-e989-c27a-06d2824fe69d">
      <Execution id="38c088cf-d2db-4531-bcd1-20293980dbd5" />
      <TestMethod codeBase="/Users/matheus/Workspace/fiap/gs/tests/SpaceStay.Tests/bin/Debug/net8.0/SpaceStay.Tests.dll" adapterTypeName="executor://xunit/VsTestRunner2/netcoreapp" className="SpaceStay.Tests.Unit.AuthServiceTests" name="Login_com_senha_errada_lanca_AuthenticationException" />
    </UnitTest>
    <UnitTest name="SpaceStay.Tests.Unit.AlertRulesTests.Evaluate_classifica_corretamente(type: o2, value: 23,600000000000001, min: 19,5, max: 23,5, esperado: &quot;critical&quot;)" storage="/users/matheus/workspace/fiap/gs/tests/spacestay.tests/bin/debug/net8.0/spacestay.tests.dll" id="6f59fec0-b2c0-b2a8-b3de-4fd7ff379910">
      <Execution id="5c24140a-6023-46db-9bea-5aa6407106db" />
      <TestMethod codeBase="/Users/matheus/Workspace/fiap/gs/tests/SpaceStay.Tests/bin/Debug/net8.0/SpaceStay.Tests.dll" adapterTypeName="executor://xunit/VsTestRunner2/netcoreapp" className="SpaceStay.Tests.Unit.AlertRulesTests" name="Evaluate_classifica_corretamente" />
    </UnitTest>
    <UnitTest name="SpaceStay.Tests.Unit.AlertRulesTests.Evaluate_classifica_corretamente(type: o2, value: 19,399999999999999, min: 19,5, max: 23,5, esperado: &quot;critical&quot;)" storage="/users/matheus/workspace/fiap/gs/tests/spacestay.tests/bin/debug/net8.0/spacestay.tests.dll" id="4230143c-b76b-fda8-258b-1ab06c9daa3d">
      <Execution id="465a472b-6b07-4dfe-a28a-24a24bd53032" />
      <TestMethod codeBase="/Users/matheus/Workspace/fiap/gs/tests/SpaceStay.Tests/bin/Debug/net8.0/SpaceStay.Tests.dll" adapterTypeName="executor://xunit/VsTestRunner2/netcoreapp" className="SpaceStay.Tests.Unit.AlertRulesTests" name="Evaluate_classifica_corretamente" />
    </UnitTest>
    <UnitTest name="SpaceStay.Tests.E2E.ApiE2ETests.Register_retorna_201_com_token" storage="/users/matheus/workspace/fiap/gs/tests/spacestay.tests/bin/debug/net8.0/spacestay.tests.dll" id="e2100232-6b6a-315a-3aca-5fc453c03c5b">
      <Execution id="a8e7aed3-8479-4049-b99f-943e0c5ba7b9" />
      <TestMethod codeBase="/Users/matheus/Workspace/fiap/gs/tests/SpaceStay.Tests/bin/Debug/net8.0/SpaceStay.Tests.dll" adapterTypeName="executor://xunit/VsTestRunner2/netcoreapp" className="SpaceStay.Tests.E2E.ApiE2ETests" name="Register_retorna_201_com_token" />
    </UnitTest>
    <UnitTest name="SpaceStay.Tests.Unit.BookingServiceTests.Create_por_membro_da_equipe_e_proibido" storage="/users/matheus/workspace/fiap/gs/tests/spacestay.tests/bin/debug/net8.0/spacestay.tests.dll" id="8c4ce8d5-2222-222d-a372-72c3654ec8e2">
      <Execution id="faddb63e-a370-4d01-865f-fa6c8591d540" />
      <TestMethod codeBase="/Users/matheus/Workspace/fiap/gs/tests/SpaceStay.Tests/bin/Debug/net8.0/SpaceStay.Tests.dll" adapterTypeName="executor://xunit/VsTestRunner2/netcoreapp" className="SpaceStay.Tests.Unit.BookingServiceTests" name="Create_por_membro_da_equipe_e_proibido" />
    </UnitTest>
    <UnitTest name="SpaceStay.Tests.Unit.BookingServiceTests.Create_em_modulo_lotado_lanca_conflito" storage="/users/matheus/workspace/fiap/gs/tests/spacestay.tests/bin/debug/net8.0/spacestay.tests.dll" id="4dd7a99c-0b10-9456-0ae5-5aad4633fe8a">
      <Execution id="051162b7-9133-44e5-9ff9-7d6d094c96d1" />
      <TestMethod codeBase="/Users/matheus/Workspace/fiap/gs/tests/SpaceStay.Tests/bin/Debug/net8.0/SpaceStay.Tests.dll" adapterTypeName="executor://xunit/VsTestRunner2/netcoreapp" className="SpaceStay.Tests.Unit.BookingServiceTests" name="Create_em_modulo_lotado_lanca_conflito" />
    </UnitTest>
    <UnitTest name="SpaceStay.Tests.Unit.AlertRulesTests.Evaluate_classifica_corretamente(type: temperature, value: 22, min: 18, max: 27, esperado: &quot;safe&quot;)" storage="/users/matheus/workspace/fiap/gs/tests/spacestay.tests/bin/debug/net8.0/spacestay.tests.dll" id="be2300d0-5b99-ec43-ea35-cfa5c24c429f">
      <Execution id="5e2e1f28-ced9-46fd-a176-effad55f4f2e" />
      <TestMethod codeBase="/Users/matheus/Workspace/fiap/gs/tests/SpaceStay.Tests/bin/Debug/net8.0/SpaceStay.Tests.dll" adapterTypeName="executor://xunit/VsTestRunner2/netcoreapp" className="SpaceStay.Tests.Unit.AlertRulesTests" name="Evaluate_classifica_corretamente" />
    </UnitTest>
    <UnitTest name="SpaceStay.Tests.Unit.ReadingServiceTests.Ingest_acima_de_1000_mas_ate_2000_gera_aviso" storage="/users/matheus/workspace/fiap/gs/tests/spacestay.tests/bin/debug/net8.0/spacestay.tests.dll" id="085402d1-ba79-2bca-5e8f-c8d07ed4d270">
      <Execution id="d0047d0e-c40a-4b8f-af04-c2ead750242f" />
      <TestMethod codeBase="/Users/matheus/Workspace/fiap/gs/tests/SpaceStay.Tests/bin/Debug/net8.0/SpaceStay.Tests.dll" adapterTypeName="executor://xunit/VsTestRunner2/netcoreapp" className="SpaceStay.Tests.Unit.ReadingServiceTests" name="Ingest_acima_de_1000_mas_ate_2000_gera_aviso" />
    </UnitTest>
    <UnitTest name="SpaceStay.Tests.E2E.ApiE2ETests.Guest_em_rota_de_equipe_retorna_403" storage="/users/matheus/workspace/fiap/gs/tests/spacestay.tests/bin/debug/net8.0/spacestay.tests.dll" id="d054708d-60fe-675d-4e90-c82d0f4b8fa8">
      <Execution id="db951ea2-2632-4807-887b-d1803fce04ab" />
      <TestMethod codeBase="/Users/matheus/Workspace/fiap/gs/tests/SpaceStay.Tests/bin/Debug/net8.0/SpaceStay.Tests.dll" adapterTypeName="executor://xunit/VsTestRunner2/netcoreapp" className="SpaceStay.Tests.E2E.ApiE2ETests" name="Guest_em_rota_de_equipe_retorna_403" />
    </UnitTest>
    <UnitTest name="SpaceStay.Tests.Unit.ReadingServiceTests.Ingest_sensor_inexistente_lanca_notfound" storage="/users/matheus/workspace/fiap/gs/tests/spacestay.tests/bin/debug/net8.0/spacestay.tests.dll" id="e279eb44-d63b-fab1-cc24-7219aeb53bc0">
      <Execution id="ce8d6550-8c49-42ca-a7b6-b5b7825051e2" />
      <TestMethod codeBase="/Users/matheus/Workspace/fiap/gs/tests/SpaceStay.Tests/bin/Debug/net8.0/SpaceStay.Tests.dll" adapterTypeName="executor://xunit/VsTestRunner2/netcoreapp" className="SpaceStay.Tests.Unit.ReadingServiceTests" name="Ingest_sensor_inexistente_lanca_notfound" />
    </UnitTest>
    <UnitTest name="SpaceStay.Tests.E2E.ApiE2ETests.Booking_em_modulo_lotado_retorna_409" storage="/users/matheus/workspace/fiap/gs/tests/spacestay.tests/bin/debug/net8.0/spacestay.tests.dll" id="6603aef8-098d-a1b2-abfe-c7a83277708c">
      <Execution id="c816eb6e-96bf-48f4-8468-3d4aac8674d6" />
      <TestMethod codeBase="/Users/matheus/Workspace/fiap/gs/tests/SpaceStay.Tests/bin/Debug/net8.0/SpaceStay.Tests.dll" adapterTypeName="executor://xunit/VsTestRunner2/netcoreapp" className="SpaceStay.Tests.E2E.ApiE2ETests" name="Booking_em_modulo_lotado_retorna_409" />
    </UnitTest>
  </TestDefinitions>
  <TestEntries>
    <TestEntry testId="b41b71fe-2be1-a29d-1fe8-9d89cf1a9edc" executionId="670bbe35-e564-42cd-a211-75ea6e54f646" testListId="8c84fa94-04c1-424b-9868-57a2d4851a1d" />
    <TestEntry testId="d054708d-60fe-675d-4e90-c82d0f4b8fa8" executionId="db951ea2-2632-4807-887b-d1803fce04ab" testListId="8c84fa94-04c1-424b-9868-57a2d4851a1d" />
    <TestEntry testId="24fb7301-78d4-2abc-ae1e-6063003d8381" executionId="ba94f219-2264-4184-9559-1b505179d9a8" testListId="8c84fa94-04c1-424b-9868-57a2d4851a1d" />
    <TestEntry testId="e4b53ad4-40b5-ebe6-f424-175e4f74f489" executionId="f399f63d-a32f-4fac-926a-60201499e347" testListId="8c84fa94-04c1-424b-9868-57a2d4851a1d" />
    <TestEntry testId="45b9ece5-c357-c81f-7b0e-6f929c80703f" executionId="32efb817-d72e-4847-ba77-1e5f440c9adc" testListId="8c84fa94-04c1-424b-9868-57a2d4851a1d" />
    <TestEntry testId="0a49df54-ba61-0c92-4903-3f5c162a54a1" executionId="8f0e731b-8b3b-46c8-aa64-3841f85dcb56" testListId="8c84fa94-04c1-424b-9868-57a2d4851a1d" />
    <TestEntry testId="51ee24bb-465d-f14b-b76e-830f34d35ff9" executionId="f4ad5d22-5e9e-4ed1-bb2a-06fa04bea8fe" testListId="8c84fa94-04c1-424b-9868-57a2d4851a1d" />
    <TestEntry testId="1253d8c6-a434-0a42-c4f0-7dbf8b5c495e" executionId="7bd1ea5f-9017-46ae-a620-27839cef509c" testListId="8c84fa94-04c1-424b-9868-57a2d4851a1d" />
    <TestEntry testId="2b6a4550-cf90-0778-6935-21e196bdedea" executionId="f6f4615c-b5d4-475a-8908-a8bc188e0af8" testListId="8c84fa94-04c1-424b-9868-57a2d4851a1d" />
    <TestEntry testId="105e5ded-3ed1-af1c-fa63-7e833398f9d6" executionId="1f5c7cd4-b505-4b89-ad3a-f1bb6e621086" testListId="8c84fa94-04c1-424b-9868-57a2d4851a1d" />
    <TestEntry testId="44ba8366-c2ec-8a4d-1492-707a4066b69b" executionId="51000bc6-5863-4cc6-b4e8-a4ce6a57d987" testListId="8c84fa94-04c1-424b-9868-57a2d4851a1d" />
    <TestEntry testId="d5762652-1624-3270-3376-cf44324f20ce" executionId="98eb43b6-c1bf-4a8c-86bb-3531abe623c6" testListId="8c84fa94-04c1-424b-9868-57a2d4851a1d" />
    <TestEntry testId="8c4ce8d5-2222-222d-a372-72c3654ec8e2" executionId="faddb63e-a370-4d01-865f-fa6c8591d540" testListId="8c84fa94-04c1-424b-9868-57a2d4851a1d" />
    <TestEntry testId="80ab8c06-3f83-8ac4-a7b0-0c02e09597c1" executionId="96790232-11e7-4c06-8616-4dcd2771133a" testListId="8c84fa94-04c1-424b-9868-57a2d4851a1d" />
    <TestEntry testId="147982be-5bb6-feac-9e51-62dccc41967d" executionId="d9d8cc56-f624-4e24-ab2d-b3f1ff83869c" testListId="8c84fa94-04c1-424b-9868-57a2d4851a1d" />
    <TestEntry testId="ed62e5ce-b1a2-e475-f3dc-2ab80aed89a0" executionId="1a6a39c0-efdf-46e7-a25a-c7de5854c9f6" testListId="8c84fa94-04c1-424b-9868-57a2d4851a1d" />
    <TestEntry testId="26cb80ee-2d66-29e6-25d4-31ce0ad8ea1e" executionId="fe7a93aa-20a8-41bd-9a85-66ef593093ec" testListId="8c84fa94-04c1-424b-9868-57a2d4851a1d" />
    <TestEntry testId="9097293e-0858-c50b-51e6-32d0f1241b99" executionId="e57ef0ed-cca0-4dc1-a34e-b52d363be049" testListId="8c84fa94-04c1-424b-9868-57a2d4851a1d" />
    <TestEntry testId="6973778e-1e92-e989-c27a-06d2824fe69d" executionId="38c088cf-d2db-4531-bcd1-20293980dbd5" testListId="8c84fa94-04c1-424b-9868-57a2d4851a1d" />
    <TestEntry testId="c7f6b268-ed9f-f05d-42c3-18a10ec0596c" executionId="99ed369c-6850-4900-b691-ebc759e8861c" testListId="8c84fa94-04c1-424b-9868-57a2d4851a1d" />
    <TestEntry testId="95b0acac-c5b1-c4b4-6943-42257cabca66" executionId="332b8ea3-2684-4e3f-8b5c-f6bbc2ec6e63" testListId="8c84fa94-04c1-424b-9868-57a2d4851a1d" />
    <TestEntry testId="30f6583a-a6c0-b09d-7d7e-ace5fbb86c71" executionId="08eafe87-d6f3-4f84-8fdc-f41816e1f481" testListId="8c84fa94-04c1-424b-9868-57a2d4851a1d" />
    <TestEntry testId="c058ec53-0cde-0334-0bc4-1ce5bbb1daaa" executionId="4fd4f4d6-b80b-4e3d-b898-3b372b5398d1" testListId="8c84fa94-04c1-424b-9868-57a2d4851a1d" />
    <TestEntry testId="57530de8-0ce5-37bb-9de5-9f39df9c54e9" executionId="cf5f2332-e606-4f86-9536-a3778f61a731" testListId="8c84fa94-04c1-424b-9868-57a2d4851a1d" />
    <TestEntry testId="b6d66c17-0c54-78a5-547a-bc6c5be85a9d" executionId="61237e30-55fb-411d-9735-ab09f555b12d" testListId="8c84fa94-04c1-424b-9868-57a2d4851a1d" />
    <TestEntry testId="1723ae12-4f89-89e9-a4d6-9a325fdc2972" executionId="04037af5-a83d-4f7c-9e63-cd80abd0276f" testListId="8c84fa94-04c1-424b-9868-57a2d4851a1d" />
    <TestEntry testId="0fc8d86f-5701-c349-6de6-29399db825ec" executionId="eb6672ee-9ef9-4660-992f-5c797b2b22ad" testListId="8c84fa94-04c1-424b-9868-57a2d4851a1d" />
    <TestEntry testId="865740d8-4e10-b582-d882-a58a1425be31" executionId="2f1fd81f-8f47-474d-9d59-cf4620978b32" testListId="8c84fa94-04c1-424b-9868-57a2d4851a1d" />
    <TestEntry testId="67720b9b-ac62-e542-4bb3-dbf2fdc8f502" executionId="0fc0e5df-08c5-4a6d-8a26-ddc73fb2c677" testListId="8c84fa94-04c1-424b-9868-57a2d4851a1d" />
    <TestEntry testId="e279eb44-d63b-fab1-cc24-7219aeb53bc0" executionId="ce8d6550-8c49-42ca-a7b6-b5b7825051e2" testListId="8c84fa94-04c1-424b-9868-57a2d4851a1d" />
    <TestEntry testId="4dd7a99c-0b10-9456-0ae5-5aad4633fe8a" executionId="051162b7-9133-44e5-9ff9-7d6d094c96d1" testListId="8c84fa94-04c1-424b-9868-57a2d4851a1d" />
    <TestEntry testId="3df0f08a-704f-3be8-3dcc-0ff3d19187a7" executionId="04729757-ce9f-4e8b-ad56-98912fce7c63" testListId="8c84fa94-04c1-424b-9868-57a2d4851a1d" />
    <TestEntry testId="be2300d0-5b99-ec43-ea35-cfa5c24c429f" executionId="5e2e1f28-ced9-46fd-a176-effad55f4f2e" testListId="8c84fa94-04c1-424b-9868-57a2d4851a1d" />
    <TestEntry testId="8ce3c4ee-2a1f-3870-0ab5-0a108b3e91ce" executionId="41270511-3367-45be-97e5-71a6098ccfe9" testListId="8c84fa94-04c1-424b-9868-57a2d4851a1d" />
    <TestEntry testId="c1dd3a56-c2f8-905c-edb2-2b196eb0f312" executionId="0f787aef-6bcf-4cff-a191-ab9d8c0cf446" testListId="8c84fa94-04c1-424b-9868-57a2d4851a1d" />
    <TestEntry testId="085402d1-ba79-2bca-5e8f-c8d07ed4d270" executionId="d0047d0e-c40a-4b8f-af04-c2ead750242f" testListId="8c84fa94-04c1-424b-9868-57a2d4851a1d" />
    <TestEntry testId="3b29847a-d837-63d4-8cd1-00928274511d" executionId="74209e14-bece-4b95-97ac-3826b0ca4c0c" testListId="8c84fa94-04c1-424b-9868-57a2d4851a1d" />
    <TestEntry testId="6603aef8-098d-a1b2-abfe-c7a83277708c" executionId="c816eb6e-96bf-48f4-8468-3d4aac8674d6" testListId="8c84fa94-04c1-424b-9868-57a2d4851a1d" />
    <TestEntry testId="e2100232-6b6a-315a-3aca-5fc453c03c5b" executionId="a8e7aed3-8479-4049-b99f-943e0c5ba7b9" testListId="8c84fa94-04c1-424b-9868-57a2d4851a1d" />
    <TestEntry testId="3589dace-637c-9263-d4a7-b75688b4639a" executionId="6a9b3c93-9c01-4d41-bed6-efd603022186" testListId="8c84fa94-04c1-424b-9868-57a2d4851a1d" />
    <TestEntry testId="dd373bc9-4699-21dd-2789-314a6a6fc84a" executionId="17ffbf62-8d33-41c8-8335-96bdeb00697e" testListId="8c84fa94-04c1-424b-9868-57a2d4851a1d" />
    <TestEntry testId="3364efe5-5315-c738-5bfe-b2d99b12f4a3" executionId="7bf6bbff-768a-4629-a39b-f3ed0d6dd1cf" testListId="8c84fa94-04c1-424b-9868-57a2d4851a1d" />
    <TestEntry testId="e805ef81-bcc6-855e-fde1-bf6a93b81d43" executionId="110a08e9-6c8a-4964-acc1-faf17da697f5" testListId="8c84fa94-04c1-424b-9868-57a2d4851a1d" />
    <TestEntry testId="61a10532-560c-79bb-8547-9586ca2c2613" executionId="818c68e4-7adf-47bb-bbdd-ffe48a6fdaa7" testListId="8c84fa94-04c1-424b-9868-57a2d4851a1d" />
    <TestEntry testId="6f59fec0-b2c0-b2a8-b3de-4fd7ff379910" executionId="5c24140a-6023-46db-9bea-5aa6407106db" testListId="8c84fa94-04c1-424b-9868-57a2d4851a1d" />
    <TestEntry testId="4230143c-b76b-fda8-258b-1ab06c9daa3d" executionId="465a472b-6b07-4dfe-a28a-24a24bd53032" testListId="8c84fa94-04c1-424b-9868-57a2d4851a1d" />
  </TestEntries>
  <TestLists>
    <TestList name="Results Not in a List" id="8c84fa94-04c1-424b-9868-57a2d4851a1d" />
    <TestList name="All Loaded Results" id="19431567-8539-422a-85d7-44ee4e166bda" />
  </TestLists>
  <ResultSummary outcome="Completed">
    <Counters total="46" executed="46" passed="46" failed="0" error="0" timeout="0" aborted="0" inconclusive="0" passedButRunAborted="0" notRunnable="0" notExecuted="0" disconnected="0" warning="0" completed="0" inProgress="0" pending="0" />
    <Output>
      <StdOut>[xUnit.net 00:00:00.00] xUnit.net VSTest Adapter v2.5.3.1+6b60a9e56a (64-bit .NET 8.0.27)
[xUnit.net 00:00:00.04]   Discovering: SpaceStay.Tests
[xUnit.net 00:00:00.06]   Discovered:  SpaceStay.Tests
[xUnit.net 00:00:00.06]   Starting:    SpaceStay.Tests
[xUnit.net 00:00:01.33]   Finished:    SpaceStay.Tests
</StdOut>
    </Output>
  </ResultSummary>
</TestRun>